#
# There is insufficient memory for the Java Runtime Environment to continue.
# Native memory allocation (mmap) failed to map 134217728 bytes for Failed to commit area from 0x0000000081a00000 to 0x0000000089a00000 of length 134217728.
# Possible reasons:
#   The system is out of physical RAM or swap space
#   The process is running with CompressedOops enabled, and the Java Heap may be blocking the growth of the native heap
# Possible solutions:
#   Reduce memory load on the system
#   Increase physical memory or swap space
#   Check if swap backing store is full
#   Decrease Java heap size (-Xmx/-Xms)
#   Decrease number of Java threads
#   Decrease Java thread stack sizes (-Xss)
#   Set larger code cache with -XX:ReservedCodeCacheSize=
# This output file may be truncated or incomplete.
#
#  Out of Memory Error (./open/src/hotspot/os/windows/os_windows.cpp:3283), pid=6012, tid=9056
#
# JRE version:  (11.0.17+10) (build )
# Java VM: Java HotSpot(TM) 64-Bit Server VM (11.0.17+10-LTS-269, mixed mode, sharing, tiered, compressed oops, g1 gc, windows-amd64)
# No core dump will be written. Minidumps are not enabled by default on client versions of Windows
#

---------------  S U M M A R Y ------------

Command Line: Simple

Host: Intel(R) Core(TM) i5-6300U CPU @ 2.40GHz, 4 cores, 7G,  Windows 11 , 64 bit Build 22000 (10.0.22000.2003)
Time: Fri Jul 28 23:38:42 2023 India Standard Time elapsed time: 0.013525 seconds (0d 0h 0m 0s)

---------------  T H R E A D  ---------------

Current thread (0x000001a8d8261000):  JavaThread "Unknown thread" [_thread_in_vm, id=9056, stack(0x0000009c1a200000,0x0000009c1a300000)]

Stack: [0x0000009c1a200000,0x0000009c1a300000]
Native frames: (J=compiled Java code, j=interpreted, Vv=VM code, C=native code)
V  [jvm.dll+0x62b5da]
V  [jvm.dll+0x7653df]
V  [jvm.dll+0x766a89]
V  [jvm.dll+0x767113]
V  [jvm.dll+0x23dd28]
V  [jvm.dll+0x62896a]
V  [jvm.dll+0x61d625]
V  [jvm.dll+0x2f2d3c]
V  [jvm.dll+0x2f2bc2]
V  [jvm.dll+0x2f78e6]
V  [jvm.dll+0x33a2df]
V  [jvm.dll+0x339d10]
V  [jvm.dll+0x2d0368]
V  [jvm.dll+0x2d14d6]
V  [jvm.dll+0x73f9a7]
V  [jvm.dll+0x74123f]
V  [jvm.dll+0x347039]
V  [jvm.dll+0x725280]
V  [jvm.dll+0x3b5c1f]
V  [jvm.dll+0x3b7d31]
C  [jli.dll+0x5207]
C  [ucrtbase.dll+0x26c0c]
C  [KERNEL32.DLL+0x155a0]
C  [ntdll.dll+0x485b]


---------------  P R O C E S S  ---------------

Threads class SMR info:
_java_thread_list=0x000001a8d7c53690, length=0, elements={
}

Java Threads: ( => current thread )

Other Threads:
  0x000001a8d8277800 GCTaskThread "GC Thread#0" [stack: 0x0000009c1a300000,0x0000009c1a400000] [id=13740]
  0x000001a8d82b0800 ConcurrentGCThread "G1 Main Marker" [stack: 0x0000009c1a400000,0x0000009c1a500000] [id=12684]
  0x000001a8d82b2800 ConcurrentGCThread "G1 Conc#0" [stack: 0x0000009c1a500000,0x0000009c1a600000] [id=13568]

[error occurred during error reporting (printing all threads), id 0xc0000005, EXCEPTION_ACCESS_VIOLATION (0xc0000005) at pc=0x00007ffeca04f5f7]

VM state:not at safepoint (not fully initialized)

VM Mutex/Monitor currently owned by a thread:  ([mutex/lock_event])
[0x000001a8d825e760] Heap_lock - owner thread: 0x000001a8d8261000

Heap address: 0x0000000081a00000, size: 2022 MB, Compressed Oops mode: Non-zero based: 0x0000000081a00000
Narrow klass base: 0x0000000000000000, Narrow klass shift: 0

GC Heap History (0 events):
No events

Deoptimization events (0 events):
No events

Classes redefined (0 events):
No events

Internal exceptions (0 events):
No events

Events (0 events):
No events


Dynamic libraries:
0x00007ff7874d0000 - 0x00007ff7874df000 	C:\Program Files\Java\jdk-11.0.17\bin\java.exe
0x00007ffef5cc0000 - 0x00007ffef5ec9000 	C:\Windows\SYSTEM32\ntdll.dll
0x00007ffef4360000 - 0x00007ffef441e000 	C:\Windows\System32\KERNEL32.DLL
0x00007ffef3580000 - 0x00007ffef3904000 	C:\Windows\System32\KERNELBASE.dll
0x00007ffef3a00000 - 0x00007ffef3b11000 	C:\Windows\System32\ucrtbase.dll
0x00007ffecaa30000 - 0x00007ffecaa45000 	C:\Program Files\Java\jdk-11.0.17\bin\VCRUNTIME140.dll
0x00007ffecaa10000 - 0x00007ffecaa28000 	C:\Program Files\Java\jdk-11.0.17\bin\jli.dll
0x00007ffef48c0000 - 0x00007ffef496f000 	C:\Windows\System32\ADVAPI32.dll
0x00007ffef49d0000 - 0x00007ffef4a73000 	C:\Windows\System32\msvcrt.dll
0x00007ffef3c90000 - 0x00007ffef3d2e000 	C:\Windows\System32\sechost.dll
0x00007ffef4550000 - 0x00007ffef4671000 	C:\Windows\System32\RPCRT4.dll
0x00007ffef5870000 - 0x00007ffef5a1d000 	C:\Windows\System32\USER32.dll
0x00007ffef34b0000 - 0x00007ffef34d6000 	C:\Windows\System32\win32u.dll
0x00007ffef3ec0000 - 0x00007ffef3eea000 	C:\Windows\System32\GDI32.dll
0x00007ffef3160000 - 0x00007ffef327f000 	C:\Windows\System32\gdi32full.dll
0x00007ffee6f60000 - 0x00007ffee7205000 	C:\Windows\WinSxS\amd64_microsoft.windows.common-controls_6595b64144ccf1df_6.0.22000.120_none_9d947278b86cc467\COMCTL32.dll
0x00007ffef34e0000 - 0x00007ffef357d000 	C:\Windows\System32\msvcp_win.dll
0x00007ffeeae50000 - 0x00007ffeeae5a000 	C:\Windows\SYSTEM32\VERSION.dll
0x00007ffeca900000 - 0x00007ffeca99b000 	C:\Program Files\Java\jdk-11.0.17\bin\msvcp140.dll
0x00007ffec9d70000 - 0x00007ffeca88a000 	C:\Program Files\Java\jdk-11.0.17\bin\server\jvm.dll
0x00007ffef5a20000 - 0x00007ffef5a28000 	C:\Windows\System32\PSAPI.DLL
0x00007ffeecfe0000 - 0x00007ffeed013000 	C:\Windows\SYSTEM32\WINMM.dll
0x00007ffede810000 - 0x00007ffede819000 	C:\Windows\SYSTEM32\WSOCK32.dll
0x00007ffef3e50000 - 0x00007ffef3ebf000 	C:\Windows\System32\WS2_32.dll
0x00007ffef2190000 - 0x00007ffef21a8000 	C:\Windows\SYSTEM32\kernel.appcore.dll
0x00007ffec8d20000 - 0x00007ffec8d30000 	C:\Program Files\Java\jdk-11.0.17\bin\verify.dll
0x00007ffef0350000 - 0x00007ffef0571000 	C:\Windows\SYSTEM32\DBGHELP.DLL
0x00007ffed9c40000 - 0x00007ffed9c71000 	C:\Windows\SYSTEM32\dbgcore.DLL
0x00007ffef3980000 - 0x00007ffef39ff000 	C:\Windows\System32\bcryptPrimitives.dll
0x00007ffec8d40000 - 0x00007ffec8d68000 	C:\Program Files\Java\jdk-11.0.17\bin\java.dll
0x00007ffec8d30000 - 0x00007ffec8d3a000 	C:\Program Files\Java\jdk-11.0.17\bin\jimage.dll
0x00007ffec8a00000 - 0x00007ffec8a16000 	C:\Program Files\Java\jdk-11.0.17\bin\zip.dll

dbghelp: loaded successfully - version: 4.0.5 - missing functions: none
symbol engine: initialized successfully - sym options: 0x614 - pdb path: .;C:\Program Files\Java\jdk-11.0.17\bin;C:\Windows\SYSTEM32;C:\Windows\WinSxS\amd64_microsoft.windows.common-controls_6595b64144ccf1df_6.0.22000.120_none_9d947278b86cc467;C:\Program Files\Java\jdk-11.0.17\bin\server

VM Arguments:
java_command: Simple
java_class_path (initial): .
Launcher Type: SUN_STANDARD

[Global flags]
     intx CICompilerCount                          = 3                                         {product} {ergonomic}
     uint ConcGCThreads                            = 1                                         {product} {ergonomic}
     uint G1ConcRefinementThreads                  = 4                                         {product} {ergonomic}
   size_t G1HeapRegionSize                         = 1048576                                   {product} {ergonomic}
    uintx GCDrainStackTargetSize                   = 64                                        {product} {ergonomic}
   size_t InitialHeapSize                          = 134217728                                 {product} {ergonomic}
   size_t MarkStackSize                            = 4194304                                   {product} {ergonomic}
   size_t MaxHeapSize                              = 2120220672                                {product} {ergonomic}
   size_t MinHeapDeltaBytes                        = 1048576                                   {product} {ergonomic}
    uintx NonNMethodCodeHeapSize                   = 5830732                                {pd product} {ergonomic}
    uintx NonProfiledCodeHeapSize                  = 122913754                              {pd product} {ergonomic}
    uintx ProfiledCodeHeapSize                     = 122913754                              {pd product} {ergonomic}
    uintx ReservedCodeCacheSize                    = 251658240                              {pd product} {ergonomic}
     bool SegmentedCodeCache                       = true                                      {product} {ergonomic}
     bool UseCompressedClassPointers               = true                                 {lp64_product} {ergonomic}
     bool UseCompressedOops                        = true                                 {lp64_product} {ergonomic}
     bool UseG1GC                                  = true                                      {product} {ergonomic}
     bool UseLargePagesIndividualAllocation        = false                                  {pd product} {ergonomic}

Logging:
Log output configuration:
 #0: stdout all=warning uptime,level,tags
 #1: stderr all=off uptime,level,tags

Environment Variables:
PATH=C:\Program Files\apache-maven-3.8.7-bin\apache-maven-3.8.7\bin\;C:\Program Files\Common Files\Oracle\Java\javapath;C:\Users\Admin\AppData\Local\Programs\Python\Python38\Scripts\;C:\Users\Admin\AppData\Local\Programs\Python\Python38\;C:\Users\Admin\AppData\Local\Programs\Python\Python310;C:\Windows\system32;C:\Windows;C:\Windows\System32\Wbem;C:\Windows\System32\WindowsPowerShell\v1.0\;C:\Windows\System32\OpenSSH\;C:\Program Files\Microsoft SQL Server\150\Tools\Binn\;C:\Program Files\Microsoft SQL Server\Client SDK\ODBC\170\Tools\Binn\;C:\Program Files\dotnet\;C:\Program Files\PuTTY\;C:\Program Files\Git\cmd;C:\Program Files (x86)\Microsoft SQL Server\150\Tools\Binn\;C:\Program Files\Microsoft SQL Server\150\DTS\Binn\;C:\Program Files (x86)\Microsoft SQL Server\150\DTS\Binn\;C:\Program Files\Azure Data Studio\bin;C:\;C:\Program Files\nodejs\;C:\Windows\system32\config\systemprofile\AppData\Local\Microsoft\WindowsApps
USERNAME=DESKTOP-1RCPV87$
OS=Windows_NT
PROCESSOR_IDENTIFIER=Intel64 Family 6 Model 78 Stepping 3, GenuineIntel



---------------  S Y S T E M  ---------------

OS: Windows 11 , 64 bit Build 22000 (10.0.22000.2003)
Hyper-V role detected

CPU:total 4 (initial active 4) (2 cores per cpu, 2 threads per core) family 6 model 78 stepping 3 microcode 0xd6, cmov, cx8, fxsr, mmx, sse, sse2, sse3, ssse3, sse4.1, sse4.2, popcnt, avx, avx2, aes, clmul, erms, rtm, 3dnowpref, lzcnt, ht, tsc, tscinvbit, bmi1, bmi2, adx, fma

Memory: 4k page, system-wide physical 8087M (680M free)
TotalPageFile size 8087M (AvailPageFile size 7M)
current process WorkingSet (physical memory assigned to process): 10M, peak: 10M
current process commit charge ("private bytes"): 51M, peak: 179M

vm_info: Java HotSpot(TM) 64-Bit Server VM (11.0.17+10-LTS-269) for windows-amd64 JRE (11.0.17+10-LTS-269), built on Sep 13 2022 19:26:37 by "mach5one" with MS VC++ 15.9 (VS2017)

END.
